<?xml version="1.0" encoding="UTF-8"?>
<!-- Generated by org.testng.reporters.JUnitXMLReporter -->
<testsuite hostname="MCGRODEK2" ignored="0" name="Default test" tests="5" failures="0" timestamp="27 Apr 2017 02:24:48 GMT" time="0.11" errors="0">
  <testcase name="add" time="0.016" classname="security.TestSuite"/>
  <testcase name="minus" time="0.015" classname="security.TestSuite"/>
  <testcase name="testCase1" time="0.0" classname="security.TestSuite"/>
  <testcase name="testCase2" time="0.016" classname="security.TestSuite"/>
  <testcase name="testCase3" time="0.0" classname="security.TestSuite"/>
</testsuite> <!-- Default test -->
