<?xml version="1.0" encoding="UTF-8"?>
<testng-results skipped="0" failed="0" ignored="0" total="5" passed="5">
  <reporter-output>
  </reporter-output>
  <suite name="Default suite" duration-ms="110" started-at="2017-04-27T02:24:48Z" finished-at="2017-04-27T02:24:48Z">
    <groups>
    </groups>
    <test name="Default test" duration-ms="110" started-at="2017-04-27T02:24:48Z" finished-at="2017-04-27T02:24:48Z">
      <class name="security.TestSuite">
        <test-method status="PASS" signature="add()[pri:0, instance:security.TestSuite@458ad742]" name="add" duration-ms="16" started-at="2017-04-27T11:54:48Z" finished-at="2017-04-27T11:54:48Z">
          <reporter-output>
          </reporter-output>
        </test-method> <!-- add -->
        <test-method status="PASS" signature="minus()[pri:0, instance:security.TestSuite@458ad742]" name="minus" duration-ms="15" started-at="2017-04-27T11:54:48Z" finished-at="2017-04-27T11:54:48Z">
          <reporter-output>
          </reporter-output>
        </test-method> <!-- minus -->
        <test-method status="PASS" signature="testCase2()[pri:0, instance:security.TestSuite@458ad742]" name="testCase2" duration-ms="16" started-at="2017-04-27T11:54:48Z" finished-at="2017-04-27T11:54:48Z">
          <reporter-output>
          </reporter-output>
        </test-method> <!-- testCase2 -->
        <test-method status="PASS" signature="testCase1()[pri:0, instance:security.TestSuite@458ad742]" name="testCase1" duration-ms="0" started-at="2017-04-27T11:54:48Z" finished-at="2017-04-27T11:54:48Z">
          <reporter-output>
          </reporter-output>
        </test-method> <!-- testCase1 -->
        <test-method status="PASS" signature="testCase3()[pri:0, instance:security.TestSuite@458ad742]" name="testCase3" duration-ms="0" started-at="2017-04-27T11:54:48Z" finished-at="2017-04-27T11:54:48Z">
          <reporter-output>
          </reporter-output>
        </test-method> <!-- testCase3 -->
      </class> <!-- security.TestSuite -->
    </test> <!-- Default test -->
  </suite> <!-- Default suite -->
</testng-results>
